2023/09/13
1.模板中的文章链接可受系统设置中的静态链接管控 (系统版本>=20230913)
2.集成交流群Git贡献的样式代码

2023/09/07
1.文章模板添加返回顶部按钮
2.修复全局底部代码未加载的问题

2023/09/06
1.文章模板CSS添加行间距,支持两处自定义代码!
2.文章模板优化图片浏览功能

2023/08/31
1.文章模板支持点击图片放大

2023/08/26
1.修复一些细节问题
2.支持收录模板/留言模板

2023/08/24
1.修复一些细节问题

2023/08/23
1.适配过度模板
2.主题配置统一使用主页模板的配置,避免重复配置

2023/08/22
1.适配文章模板,和主页模板公用!通过代码载入不同模板!以方便后期维护!
2.优化文章模板

2023/08/21
1.优化夜间模式
2.简化js代码,移除重复或无效的代码

2023/08/20 V2.0.0
1.修正分类定位未减去顶部栏高度
2.移除重复加载的jquery.js
3.支持记忆最后一次选择的搜索引擎 (浏览器本地储存)
4.支持背景音乐相关选项,自动播放/循环播放
5.支持异步加载链接数据
6.修复已知bug

